Backend error message
---------------------
AttemptID:attempt_1391361473519_0017_m_000000_0 Info:Container killed by the ApplicationMaster.
Container killed on request. Exit code is 143

Backend error message
---------------------
AttemptID:attempt_1391361473519_0017_r_000000_0 Info:Error: org.apache.pig.backend.executionengine.ExecException: ERROR 0: Scalar has more than one row in the output. 1st : (The Nightmare Before Christma,1993,3.9,4568), 2nd :(The Mumm,1932,3.5,4388)
	at org.apache.pig.impl.builtin.ReadScalars.exec(ReadScalars.java:111)
	at org.apache.pig.backend.hadoop.executionengine.physicalLayer.expressionOperators.POUserFunc.getNext(POUserFunc.java:330)
	at org.apache.pig.backend.hadoop.executionengine.physicalLayer.expressionOperators.POUserFunc.getNextInteger(POUserFunc.java:379)
	at org.apache.pig.backend.hadoop.executionengine.physicalLayer.PhysicalOperator.getNext(PhysicalOperator.java:321)
	at org.apache.pig.backend.hadoop.executionengine.physicalLayer.relationalOperators.POForEach.processPlan(POForEach.java:378)
	at org.apache.pig.backend.hadoop.executionengine.physicalLayer.relationalOperators.POForEach.getNextTuple(POForEach.java:298)
	at org.apache.pig.backend.hadoop.executionengine.mapReduceLayer.PigGenericMapReduce$Reduce.runPipeline(PigGenericMapReduce.java:464)
	at org.apache.pig.backend.hadoop.executionengine.mapReduceLayer.PigGenericMapReduce$Reduce.processOnePackageOutput(PigGenericMapReduce.java:432)
	at org.apache.pig.backend.hadoop.executionengine.mapReduceLayer.PigGenericMapReduce$Reduce.reduce(PigGenericMapReduce.java:412)
	at org.apache.pig.backend.hadoop.executionengine.mapReduceLayer.PigGenericMapReduce$Reduce.reduce(PigGenericMapReduce.java:256)
	at org.apache.hadoop.mapreduce.Reducer.run(Reducer.java:171)
	at org.apache.hadoop.mapred.ReduceTask.runNewReducer(ReduceTask.java:645)
	at org.apache.hadoop.mapred.ReduceTask.run(ReduceTask.java:405)
	at org.apache.hadoop.mapred.YarnChild$2.run(YarnChild.java:162)
	at java.security.AccessController.doPrivileged(Native Method)
	at javax.security.auth.Subject.doAs(Subject.java:415)
	at org.apache.hadoop.security.UserGroupInformation.doAs(UserGroupInformation.java:1491)
	at org.apache.hadoop.mapred.YarnChild.main(YarnChild.java:157)

Backend error message
---------------------
AttemptID:attempt_1391361473519_0017_r_000000_0 Info:Container killed by the ApplicationMaster.
Container killed on request. Exit code is 143

Backend error message
---------------------
AttemptID:attempt_1391361473519_0017_r_000000_1 Info:Error: org.apache.pig.backend.executionengine.ExecException: ERROR 0: Scalar has more than one row in the output. 1st : (The Nightmare Before Christma,1993,3.9,4568), 2nd :(The Mumm,1932,3.5,4388)
	at org.apache.pig.impl.builtin.ReadScalars.exec(ReadScalars.java:111)
	at org.apache.pig.backend.hadoop.executionengine.physicalLayer.expressionOperators.POUserFunc.getNext(POUserFunc.java:330)
	at org.apache.pig.backend.hadoop.executionengine.physicalLayer.expressionOperators.POUserFunc.getNextInteger(POUserFunc.java:379)
	at org.apache.pig.backend.hadoop.executionengine.physicalLayer.PhysicalOperator.getNext(PhysicalOperator.java:321)
	at org.apache.pig.backend.hadoop.executionengine.physicalLayer.relationalOperators.POForEach.processPlan(POForEach.java:378)
	at org.apache.pig.backend.hadoop.executionengine.physicalLayer.relationalOperators.POForEach.getNextTuple(POForEach.java:298)
	at org.apache.pig.backend.hadoop.executionengine.mapReduceLayer.PigGenericMapReduce$Reduce.runPipeline(PigGenericMapReduce.java:464)
	at org.apache.pig.backend.hadoop.executionengine.mapReduceLayer.PigGenericMapReduce$Reduce.processOnePackageOutput(PigGenericMapReduce.java:432)
	at org.apache.pig.backend.hadoop.executionengine.mapReduceLayer.PigGenericMapReduce$Reduce.reduce(PigGenericMapReduce.java:412)
	at org.apache.pig.backend.hadoop.executionengine.mapReduceLayer.PigGenericMapReduce$Reduce.reduce(PigGenericMapReduce.java:256)
	at org.apache.hadoop.mapreduce.Reducer.run(Reducer.java:171)
	at org.apache.hadoop.mapred.ReduceTask.runNewReducer(ReduceTask.java:645)
	at org.apache.hadoop.mapred.ReduceTask.run(ReduceTask.java:405)
	at org.apache.hadoop.mapred.YarnChild$2.run(YarnChild.java:162)
	at java.security.AccessController.doPrivileged(Native Method)
	at javax.security.auth.Subject.doAs(Subject.java:415)
	at org.apache.hadoop.security.UserGroupInformation.doAs(UserGroupInformation.java:1491)
	at org.apache.hadoop.mapred.YarnChild.main(YarnChild.java:157)

Backend error message
---------------------
AttemptID:attempt_1391361473519_0017_r_000000_1 Info:Container killed by the ApplicationMaster.
Container killed on request. Exit code is 143

Backend error message
---------------------
AttemptID:attempt_1391361473519_0017_r_000000_2 Info:Error: org.apache.pig.backend.executionengine.ExecException: ERROR 0: Scalar has more than one row in the output. 1st : (The Nightmare Before Christma,1993,3.9,4568), 2nd :(The Mumm,1932,3.5,4388)
	at org.apache.pig.impl.builtin.ReadScalars.exec(ReadScalars.java:111)
	at org.apache.pig.backend.hadoop.executionengine.physicalLayer.expressionOperators.POUserFunc.getNext(POUserFunc.java:330)
	at org.apache.pig.backend.hadoop.executionengine.physicalLayer.expressionOperators.POUserFunc.getNextInteger(POUserFunc.java:379)
	at org.apache.pig.backend.hadoop.executionengine.physicalLayer.PhysicalOperator.getNext(PhysicalOperator.java:321)
	at org.apache.pig.backend.hadoop.executionengine.physicalLayer.relationalOperators.POForEach.processPlan(POForEach.java:378)
	at org.apache.pig.backend.hadoop.executionengine.physicalLayer.relationalOperators.POForEach.getNextTuple(POForEach.java:298)
	at org.apache.pig.backend.hadoop.executionengine.mapReduceLayer.PigGenericMapReduce$Reduce.runPipeline(PigGenericMapReduce.java:464)
	at org.apache.pig.backend.hadoop.executionengine.mapReduceLayer.PigGenericMapReduce$Reduce.processOnePackageOutput(PigGenericMapReduce.java:432)
	at org.apache.pig.backend.hadoop.executionengine.mapReduceLayer.PigGenericMapReduce$Reduce.reduce(PigGenericMapReduce.java:412)
	at org.apache.pig.backend.hadoop.executionengine.mapReduceLayer.PigGenericMapReduce$Reduce.reduce(PigGenericMapReduce.java:256)
	at org.apache.hadoop.mapreduce.Reducer.run(Reducer.java:171)
	at org.apache.hadoop.mapred.ReduceTask.runNewReducer(ReduceTask.java:645)
	at org.apache.hadoop.mapred.ReduceTask.run(ReduceTask.java:405)
	at org.apache.hadoop.mapred.YarnChild$2.run(YarnChild.java:162)
	at java.security.AccessController.doPrivileged(Native Method)
	at javax.security.auth.Subject.doAs(Subject.java:415)
	at org.apache.hadoop.security.UserGroupInformation.doAs(UserGroupInformation.java:1491)
	at org.apache.hadoop.mapred.YarnChild.main(YarnChild.java:157)

Backend error message
---------------------
AttemptID:attempt_1391361473519_0017_r_000000_2 Info:Container killed by the ApplicationMaster.
Container killed on request. Exit code is 143

Backend error message
---------------------
AttemptID:attempt_1391361473519_0017_r_000000_3 Info:Error: org.apache.pig.backend.executionengine.ExecException: ERROR 0: Scalar has more than one row in the output. 1st : (The Nightmare Before Christma,1993,3.9,4568), 2nd :(The Mumm,1932,3.5,4388)
	at org.apache.pig.impl.builtin.ReadScalars.exec(ReadScalars.java:111)
	at org.apache.pig.backend.hadoop.executionengine.physicalLayer.expressionOperators.POUserFunc.getNext(POUserFunc.java:330)
	at org.apache.pig.backend.hadoop.executionengine.physicalLayer.expressionOperators.POUserFunc.getNextInteger(POUserFunc.java:379)
	at org.apache.pig.backend.hadoop.executionengine.physicalLayer.PhysicalOperator.getNext(PhysicalOperator.java:321)
	at org.apache.pig.backend.hadoop.executionengine.physicalLayer.relationalOperators.POForEach.processPlan(POForEach.java:378)
	at org.apache.pig.backend.hadoop.executionengine.physicalLayer.relationalOperators.POForEach.getNextTuple(POForEach.java:298)
	at org.apache.pig.backend.hadoop.executionengine.mapReduceLayer.PigGenericMapReduce$Reduce.runPipeline(PigGenericMapReduce.java:464)
	at org.apache.pig.backend.hadoop.executionengine.mapReduceLayer.PigGenericMapReduce$Reduce.processOnePackageOutput(PigGenericMapReduce.java:432)
	at org.apache.pig.backend.hadoop.executionengine.mapReduceLayer.PigGenericMapReduce$Reduce.reduce(PigGenericMapReduce.java:412)
	at org.apache.pig.backend.hadoop.executionengine.mapReduceLayer.PigGenericMapReduce$Reduce.reduce(PigGenericMapReduce.java:256)
	at org.apache.hadoop.mapreduce.Reducer.run(Reducer.java:171)
	at org.apache.hadoop.mapred.ReduceTask.runNewReducer(ReduceTask.java:645)
	at org.apache.hadoop.mapred.ReduceTask.run(ReduceTask.java:405)
	at org.apache.hadoop.mapred.YarnChild$2.run(YarnChild.java:162)
	at java.security.AccessController.doPrivileged(Native Method)
	at javax.security.auth.Subject.doAs(Subject.java:415)
	at org.apache.hadoop.security.UserGroupInformation.doAs(UserGroupInformation.java:1491)
	at org.apache.hadoop.mapred.YarnChild.main(YarnChild.java:157)

Error message from task (reduce) task_1391361473519_0017_r_000000
-----------------------------------------------------------------
ERROR 0: Scalar has more than one row in the output. 1st : (The Nightmare Before Christma,1993,3.9,4568), 2nd :(The Mumm,1932,3.5,4388)

org.apache.pig.backend.executionengine.ExecException: ERROR 0: Scalar has more than one row in the output. 1st : (The Nightmare Before Christma,1993,3.9,4568), 2nd :(The Mumm,1932,3.5,4388)
	at org.apache.pig.impl.builtin.ReadScalars.exec(ReadScalars.java:111)
	at org.apache.pig.backend.hadoop.executionengine.physicalLayer.expressionOperators.POUserFunc.getNext(POUserFunc.java:330)
	at org.apache.pig.backend.hadoop.executionengine.physicalLayer.expressionOperators.POUserFunc.getNextInteger(POUserFunc.java:379)
	at org.apache.pig.backend.hadoop.executionengine.physicalLayer.PhysicalOperator.getNext(PhysicalOperator.java:321)
	at org.apache.pig.backend.hadoop.executionengine.physicalLayer.relationalOperators.POForEach.processPlan(POForEach.java:378)
	at org.apache.pig.backend.hadoop.executionengine.physicalLayer.relationalOperators.POForEach.getNextTuple(POForEach.java:298)
	at org.apache.pig.backend.hadoop.executionengine.mapReduceLayer.PigGenericMapReduce$Reduce.runPipeline(PigGenericMapReduce.java:464)
	at org.apache.pig.backend.hadoop.executionengine.mapReduceLayer.PigGenericMapReduce$Reduce.processOnePackageOutput(PigGenericMapReduce.java:432)
	at org.apache.pig.backend.hadoop.executionengine.mapReduceLayer.PigGenericMapReduce$Reduce.reduce(PigGenericMapReduce.java:412)
	at org.apache.pig.backend.hadoop.executionengine.mapReduceLayer.PigGenericMapReduce$Reduce.reduce(PigGenericMapReduce.java:256)
	at org.apache.hadoop.mapreduce.Reducer.run(Reducer.java:171)
	at org.apache.hadoop.mapred.ReduceTask.runNewReducer(ReduceTask.java:645)
	at org.apache.hadoop.mapred.ReduceTask.run(ReduceTask.java:405)
	at org.apache.hadoop.mapred.YarnChild$2.run(YarnChild.java:162)
	at java.security.AccessController.doPrivileged(Native Method)
	at javax.security.auth.Subject.doAs(Subject.java:415)
	at org.apache.hadoop.security.UserGroupInformation.doAs(UserGroupInformation.java:1491)
================================================================================
Error message from task (reduce) task_1391361473519_0017_r_000000
-----------------------------------------------------------------
ERROR 0: Scalar has more than one row in the output. 1st : (The Nightmare Before Christma,1993,3.9,4568), 2nd :(The Mumm,1932,3.5,4388)

org.apache.pig.backend.executionengine.ExecException: ERROR 0: Scalar has more than one row in the output. 1st : (The Nightmare Before Christma,1993,3.9,4568), 2nd :(The Mumm,1932,3.5,4388)
	at org.apache.pig.impl.builtin.ReadScalars.exec(ReadScalars.java:111)
	at org.apache.pig.backend.hadoop.executionengine.physicalLayer.expressionOperators.POUserFunc.getNext(POUserFunc.java:330)
	at org.apache.pig.backend.hadoop.executionengine.physicalLayer.expressionOperators.POUserFunc.getNextInteger(POUserFunc.java:379)
	at org.apache.pig.backend.hadoop.executionengine.physicalLayer.PhysicalOperator.getNext(PhysicalOperator.java:321)
	at org.apache.pig.backend.hadoop.executionengine.physicalLayer.relationalOperators.POForEach.processPlan(POForEach.java:378)
	at org.apache.pig.backend.hadoop.executionengine.physicalLayer.relationalOperators.POForEach.getNextTuple(POForEach.java:298)
	at org.apache.pig.backend.hadoop.executionengine.mapReduceLayer.PigGenericMapReduce$Reduce.runPipeline(PigGenericMapReduce.java:464)
	at org.apache.pig.backend.hadoop.executionengine.mapReduceLayer.PigGenericMapReduce$Reduce.processOnePackageOutput(PigGenericMapReduce.java:432)
	at org.apache.pig.backend.hadoop.executionengine.mapReduceLayer.PigGenericMapReduce$Reduce.reduce(PigGenericMapReduce.java:412)
	at org.apache.pig.backend.hadoop.executionengine.mapReduceLayer.PigGenericMapReduce$Reduce.reduce(PigGenericMapReduce.java:256)
	at org.apache.hadoop.mapreduce.Reducer.run(Reducer.java:171)
	at org.apache.hadoop.mapred.ReduceTask.runNewReducer(ReduceTask.java:645)
	at org.apache.hadoop.mapred.ReduceTask.run(ReduceTask.java:405)
	at org.apache.hadoop.mapred.YarnChild$2.run(YarnChild.java:162)
	at java.security.AccessController.doPrivileged(Native Method)
	at javax.security.auth.Subject.doAs(Subject.java:415)
	at org.apache.hadoop.security.UserGroupInformation.doAs(UserGroupInformation.java:1491)
================================================================================
Error message from task (reduce) task_1391361473519_0017_r_000000
-----------------------------------------------------------------
ERROR 0: Scalar has more than one row in the output. 1st : (The Nightmare Before Christma,1993,3.9,4568), 2nd :(The Mumm,1932,3.5,4388)

org.apache.pig.backend.executionengine.ExecException: ERROR 0: Scalar has more than one row in the output. 1st : (The Nightmare Before Christma,1993,3.9,4568), 2nd :(The Mumm,1932,3.5,4388)
	at org.apache.pig.impl.builtin.ReadScalars.exec(ReadScalars.java:111)
	at org.apache.pig.backend.hadoop.executionengine.physicalLayer.expressionOperators.POUserFunc.getNext(POUserFunc.java:330)
	at org.apache.pig.backend.hadoop.executionengine.physicalLayer.expressionOperators.POUserFunc.getNextInteger(POUserFunc.java:379)
	at org.apache.pig.backend.hadoop.executionengine.physicalLayer.PhysicalOperator.getNext(PhysicalOperator.java:321)
	at org.apache.pig.backend.hadoop.executionengine.physicalLayer.relationalOperators.POForEach.processPlan(POForEach.java:378)
	at org.apache.pig.backend.hadoop.executionengine.physicalLayer.relationalOperators.POForEach.getNextTuple(POForEach.java:298)
	at org.apache.pig.backend.hadoop.executionengine.mapReduceLayer.PigGenericMapReduce$Reduce.runPipeline(PigGenericMapReduce.java:464)
	at org.apache.pig.backend.hadoop.executionengine.mapReduceLayer.PigGenericMapReduce$Reduce.processOnePackageOutput(PigGenericMapReduce.java:432)
	at org.apache.pig.backend.hadoop.executionengine.mapReduceLayer.PigGenericMapReduce$Reduce.reduce(PigGenericMapReduce.java:412)
	at org.apache.pig.backend.hadoop.executionengine.mapReduceLayer.PigGenericMapReduce$Reduce.reduce(PigGenericMapReduce.java:256)
	at org.apache.hadoop.mapreduce.Reducer.run(Reducer.java:171)
	at org.apache.hadoop.mapred.ReduceTask.runNewReducer(ReduceTask.java:645)
	at org.apache.hadoop.mapred.ReduceTask.run(ReduceTask.java:405)
	at org.apache.hadoop.mapred.YarnChild$2.run(YarnChild.java:162)
	at java.security.AccessController.doPrivileged(Native Method)
	at javax.security.auth.Subject.doAs(Subject.java:415)
	at org.apache.hadoop.security.UserGroupInformation.doAs(UserGroupInformation.java:1491)
================================================================================
Error message from task (reduce) task_1391361473519_0017_r_000000
-----------------------------------------------------------------
ERROR 0: Scalar has more than one row in the output. 1st : (The Nightmare Before Christma,1993,3.9,4568), 2nd :(The Mumm,1932,3.5,4388)

org.apache.pig.backend.executionengine.ExecException: ERROR 0: Scalar has more than one row in the output. 1st : (The Nightmare Before Christma,1993,3.9,4568), 2nd :(The Mumm,1932,3.5,4388)
	at org.apache.pig.impl.builtin.ReadScalars.exec(ReadScalars.java:111)
	at org.apache.pig.backend.hadoop.executionengine.physicalLayer.expressionOperators.POUserFunc.getNext(POUserFunc.java:330)
	at org.apache.pig.backend.hadoop.executionengine.physicalLayer.expressionOperators.POUserFunc.getNextInteger(POUserFunc.java:379)
	at org.apache.pig.backend.hadoop.executionengine.physicalLayer.PhysicalOperator.getNext(PhysicalOperator.java:321)
	at org.apache.pig.backend.hadoop.executionengine.physicalLayer.relationalOperators.POForEach.processPlan(POForEach.java:378)
	at org.apache.pig.backend.hadoop.executionengine.physicalLayer.relationalOperators.POForEach.getNextTuple(POForEach.java:298)
	at org.apache.pig.backend.hadoop.executionengine.mapReduceLayer.PigGenericMapReduce$Reduce.runPipeline(PigGenericMapReduce.java:464)
	at org.apache.pig.backend.hadoop.executionengine.mapReduceLayer.PigGenericMapReduce$Reduce.processOnePackageOutput(PigGenericMapReduce.java:432)
	at org.apache.pig.backend.hadoop.executionengine.mapReduceLayer.PigGenericMapReduce$Reduce.reduce(PigGenericMapReduce.java:412)
	at org.apache.pig.backend.hadoop.executionengine.mapReduceLayer.PigGenericMapReduce$Reduce.reduce(PigGenericMapReduce.java:256)
	at org.apache.hadoop.mapreduce.Reducer.run(Reducer.java:171)
	at org.apache.hadoop.mapred.ReduceTask.runNewReducer(ReduceTask.java:645)
	at org.apache.hadoop.mapred.ReduceTask.run(ReduceTask.java:405)
	at org.apache.hadoop.mapred.YarnChild$2.run(YarnChild.java:162)
	at java.security.AccessController.doPrivileged(Native Method)
	at javax.security.auth.Subject.doAs(Subject.java:415)
	at org.apache.hadoop.security.UserGroupInformation.doAs(UserGroupInformation.java:1491)
================================================================================
Pig Stack Trace
---------------
ERROR 1066: Unable to open iterator for alias mm. Backend error : Scalar has more than one row in the output. 1st : (The Nightmare Before Christma,1993,3.9,4568), 2nd :(The Mumm,1932,3.5,4388)

org.apache.pig.impl.logicalLayer.FrontendException: ERROR 1066: Unable to open iterator for alias mm. Backend error : Scalar has more than one row in the output. 1st : (The Nightmare Before Christma,1993,3.9,4568), 2nd :(The Mumm,1932,3.5,4388)
	at org.apache.pig.PigServer.openIterator(PigServer.java:870)
	at org.apache.pig.tools.grunt.GruntParser.processDump(GruntParser.java:774)
	at org.apache.pig.tools.pigscript.parser.PigScriptParser.parse(PigScriptParser.java:372)
	at org.apache.pig.tools.grunt.GruntParser.parseStopOnError(GruntParser.java:198)
	at org.apache.pig.tools.grunt.GruntParser.parseStopOnError(GruntParser.java:173)
	at org.apache.pig.tools.grunt.Grunt.exec(Grunt.java:84)
	at org.apache.pig.Main.run(Main.java:607)
	at org.apache.pig.Main.main(Main.java:156)
	at sun.reflect.NativeMethodAccessorImpl.invoke0(Native Method)
	at sun.reflect.NativeMethodAccessorImpl.invoke(NativeMethodAccessorImpl.java:57)
	at sun.reflect.DelegatingMethodAccessorImpl.invoke(DelegatingMethodAccessorImpl.java:43)
	at java.lang.reflect.Method.invoke(Method.java:606)
	at org.apache.hadoop.util.RunJar.main(RunJar.java:212)
Caused by: org.apache.pig.backend.executionengine.ExecException: ERROR 0: Scalar has more than one row in the output. 1st : (The Nightmare Before Christma,1993,3.9,4568), 2nd :(The Mumm,1932,3.5,4388)
	at org.apache.pig.impl.builtin.ReadScalars.exec(ReadScalars.java:111)
	at org.apache.pig.backend.hadoop.executionengine.physicalLayer.expressionOperators.POUserFunc.getNext(POUserFunc.java:330)
	at org.apache.pig.backend.hadoop.executionengine.physicalLayer.expressionOperators.POUserFunc.getNextInteger(POUserFunc.java:379)
	at org.apache.pig.backend.hadoop.executionengine.physicalLayer.PhysicalOperator.getNext(PhysicalOperator.java:321)
	at org.apache.pig.backend.hadoop.executionengine.physicalLayer.relationalOperators.POForEach.processPlan(POForEach.java:378)
	at org.apache.pig.backend.hadoop.executionengine.physicalLayer.relationalOperators.POForEach.getNextTuple(POForEach.java:298)
	at org.apache.pig.backend.hadoop.executionengine.mapReduceLayer.PigGenericMapReduce$Reduce.runPipeline(PigGenericMapReduce.java:464)
	at org.apache.pig.backend.hadoop.executionengine.mapReduceLayer.PigGenericMapReduce$Reduce.processOnePackageOutput(PigGenericMapReduce.java:432)
	at org.apache.pig.backend.hadoop.executionengine.mapReduceLayer.PigGenericMapReduce$Reduce.reduce(PigGenericMapReduce.java:412)
	at org.apache.pig.backend.hadoop.executionengine.mapReduceLayer.PigGenericMapReduce$Reduce.reduce(PigGenericMapReduce.java:256)
	at org.apache.hadoop.mapreduce.Reducer.run(Reducer.java:171)
	at org.apache.hadoop.mapred.ReduceTask.runNewReducer(ReduceTask.java:645)
	at org.apache.hadoop.mapred.ReduceTask.run(ReduceTask.java:405)
	at org.apache.hadoop.mapred.YarnChild$2.run(YarnChild.java:162)
	at java.security.AccessController.doPrivileged(Native Method)
	at javax.security.auth.Subject.doAs(Subject.java:415)
	at org.apache.hadoop.security.UserGroupInformation.doAs(UserGroupInformation.java:1491)
================================================================================
