Pig Stack Trace
---------------
ERROR 1200: Pig script failed to parse: 
<file year_rating_top.pig, line 15, column 27> expression is not a project expression: (Name: ScalarExpression) Type: null Uid: null)

org.apache.pig.impl.logicalLayer.FrontendException: ERROR 1000: Error during parsing. Pig script failed to parse: 
<file year_rating_top.pig, line 15, column 27> expression is not a project expression: (Name: ScalarExpression) Type: null Uid: null)
	at org.apache.pig.PigServer$Graph.parseQuery(PigServer.java:1689)
	at org.apache.pig.PigServer$Graph.access$000(PigServer.java:1409)
	at org.apache.pig.PigServer.parseAndBuild(PigServer.java:342)
	at org.apache.pig.PigServer.executeBatch(PigServer.java:367)
	at org.apache.pig.PigServer.executeBatch(PigServer.java:353)
	at org.apache.pig.tools.grunt.GruntParser.executeBatch(GruntParser.java:140)
	at org.apache.pig.tools.grunt.GruntParser.processDump(GruntParser.java:769)
	at org.apache.pig.tools.pigscript.parser.PigScriptParser.parse(PigScriptParser.java:372)
	at org.apache.pig.tools.grunt.GruntParser.parseStopOnError(GruntParser.java:198)
	at org.apache.pig.tools.grunt.GruntParser.parseStopOnError(GruntParser.java:173)
	at org.apache.pig.tools.grunt.Grunt.exec(Grunt.java:84)
	at org.apache.pig.Main.run(Main.java:607)
	at org.apache.pig.Main.main(Main.java:156)
	at sun.reflect.NativeMethodAccessorImpl.invoke0(Native Method)
	at sun.reflect.NativeMethodAccessorImpl.invoke(NativeMethodAccessorImpl.java:57)
	at sun.reflect.DelegatingMethodAccessorImpl.invoke(DelegatingMethodAccessorImpl.java:43)
	at java.lang.reflect.Method.invoke(Method.java:606)
	at org.apache.hadoop.util.RunJar.main(RunJar.java:212)
Caused by: Failed to parse: Pig script failed to parse: 
<file year_rating_top.pig, line 15, column 27> expression is not a project expression: (Name: ScalarExpression) Type: null Uid: null)
	at org.apache.pig.parser.QueryParserDriver.parse(QueryParserDriver.java:196)
	at org.apache.pig.PigServer$Graph.parseQuery(PigServer.java:1676)
	... 17 more
Caused by: 
<file year_rating_top.pig, line 15, column 27> expression is not a project expression: (Name: ScalarExpression) Type: null Uid: null)
	at org.apache.pig.parser.LogicalPlanBuilder.buildNestedOperatorInput(LogicalPlanBuilder.java:1104)
	at org.apache.pig.parser.LogicalPlanGenerator.nested_op_input(LogicalPlanGenerator.java:17639)
	at org.apache.pig.parser.LogicalPlanGenerator.nested_sort(LogicalPlanGenerator.java:16855)
	at org.apache.pig.parser.LogicalPlanGenerator.nested_op(LogicalPlanGenerator.java:16413)
	at org.apache.pig.parser.LogicalPlanGenerator.nested_command(LogicalPlanGenerator.java:16174)
	at org.apache.pig.parser.LogicalPlanGenerator.nested_blk(LogicalPlanGenerator.java:16032)
	at org.apache.pig.parser.LogicalPlanGenerator.foreach_plan(LogicalPlanGenerator.java:15940)
	at org.apache.pig.parser.LogicalPlanGenerator.foreach_clause(LogicalPlanGenerator.java:15765)
	at org.apache.pig.parser.LogicalPlanGenerator.op_clause(LogicalPlanGenerator.java:1844)
	at org.apache.pig.parser.LogicalPlanGenerator.general_statement(LogicalPlanGenerator.java:1013)
	at org.apache.pig.parser.LogicalPlanGenerator.statement(LogicalPlanGenerator.java:553)
	at org.apache.pig.parser.LogicalPlanGenerator.query(LogicalPlanGenerator.java:421)
	at org.apache.pig.parser.QueryParserDriver.parse(QueryParserDriver.java:188)
	... 18 more
================================================================================
